2019/12/16-03:49:55 [main] INFO  p.h.SpringBootDemo.SpringBootDemoApplicatonTests- Starting SpringBootDemoApplicatonTests on DESKTOP-LPS0P4Q with PID 3720 (started by Howard Zhong in C:\Users\Howard Zhong\IdeaProjects\SpringBootDemo)
2019/12/16-03:49:55 [main] DEBUG p.h.SpringBootDemo.SpringBootDemoApplicatonTests- Running with Spring Boot v2.2.2.RELEASE, Spring v5.2.2.RELEASE
2019/12/16-03:49:55 [main] INFO  p.h.SpringBootDemo.SpringBootDemoApplicatonTests- No active profile set, falling back to default profiles: default
2019/12/16-03:49:57 [main] INFO  o.s.scheduling.concurrent.ThreadPoolTaskExecutor- Initializing ExecutorService 'applicationTaskExecutor'
2019/12/16-03:49:57 [main] INFO  p.h.SpringBootDemo.SpringBootDemoApplicatonTests- Started SpringBootDemoApplicatonTests in 2.393 seconds (JVM running for 3.652)
2019/12/16-03:49:57 [main] DEBUG p.h.SpringBootDemo.SpringBootDemoApplicatonTests- debug...
2019/12/16-03:49:57 [main] INFO  p.h.SpringBootDemo.SpringBootDemoApplicatonTests- info...
2019/12/16-03:49:57 [main] WARN  p.h.SpringBootDemo.SpringBootDemoApplicatonTests- warn...
2019/12/16-03:49:57 [main] ERROR p.h.SpringBootDemo.SpringBootDemoApplicatonTests- error...
2019/12/16-03:49:57 [SpringContextShutdownHook] INFO  o.s.scheduling.concurrent.ThreadPoolTaskExecutor- Shutting down ExecutorService 'applicationTaskExecutor'
2019-12-16 03:50:32.078  INFO 7992 --- [main] p.h.S.SpringBootDemoApplicatonTests      : Starting SpringBootDemoApplicatonTests on DESKTOP-LPS0P4Q with PID 7992 (started by Howard Zhong in C:\Users\Howard Zhong\IdeaProjects\SpringBootDemo)
2019-12-16 03:50:32.080 DEBUG 7992 --- [main] p.h.S.SpringBootDemoApplicatonTests      : Running with Spring Boot v2.2.2.RELEASE, Spring v5.2.2.RELEASE
2019-12-16 03:50:32.081  INFO 7992 --- [main] p.h.S.SpringBootDemoApplicatonTests      : No active profile set, falling back to default profiles: default
2019-12-16 03:50:33.530  INFO 7992 --- [main] o.s.s.concurrent.ThreadPoolTaskExecutor  : Initializing ExecutorService 'applicationTaskExecutor'
2019-12-16 03:50:33.851  INFO 7992 --- [main] p.h.S.SpringBootDemoApplicatonTests      : Started SpringBootDemoApplicatonTests in 2.318 seconds (JVM running for 3.551)
2019-12-16 03:50:34.132 DEBUG 7992 --- [main] p.h.S.SpringBootDemoApplicatonTests      : debug...
2019-12-16 03:50:34.132  INFO 7992 --- [main] p.h.S.SpringBootDemoApplicatonTests      : info...
2019-12-16 03:50:34.132  WARN 7992 --- [main] p.h.S.SpringBootDemoApplicatonTests      : warn...
2019-12-16 03:50:34.133 ERROR 7992 --- [main] p.h.S.SpringBootDemoApplicatonTests      : error...
2019-12-16 03:50:34.154  INFO 7992 --- [SpringContextShutdownHook] o.s.s.concurrent.ThreadPoolTaskExecutor  : Shutting down ExecutorService 'applicationTaskExecutor'
2019/12/16-03:56:56 [main] INFO  p.h.SpringBootDemo.SpringBootDemoApplicatonTests == Starting SpringBootDemoApplicatonTests on DESKTOP-LPS0P4Q with PID 15800 (started by Howard Zhong in C:\Users\Howard Zhong\IdeaProjects\SpringBootDemo)
2019/12/16-03:56:56 [main] DEBUG p.h.SpringBootDemo.SpringBootDemoApplicatonTests == Running with Spring Boot v2.2.2.RELEASE, Spring v5.2.2.RELEASE
2019/12/16-03:56:56 [main] INFO  p.h.SpringBootDemo.SpringBootDemoApplicatonTests == No active profile set, falling back to default profiles: default
2019/12/16-03:56:58 [main] INFO  o.s.scheduling.concurrent.ThreadPoolTaskExecutor == Initializing ExecutorService 'applicationTaskExecutor'
2019/12/16-03:56:58 [main] INFO  p.h.SpringBootDemo.SpringBootDemoApplicatonTests == Started SpringBootDemoApplicatonTests in 2.45 seconds (JVM running for 3.708)
2019/12/16-03:56:59 [main] DEBUG p.h.SpringBootDemo.SpringBootDemoApplicatonTests == debug...
2019/12/16-03:56:59 [main] INFO  p.h.SpringBootDemo.SpringBootDemoApplicatonTests == info...
2019/12/16-03:56:59 [main] WARN  p.h.SpringBootDemo.SpringBootDemoApplicatonTests == warn...
2019/12/16-03:56:59 [main] ERROR p.h.SpringBootDemo.SpringBootDemoApplicatonTests == error...
2019/12/16-03:56:59 [SpringContextShutdownHook] INFO  o.s.scheduling.concurrent.ThreadPoolTaskExecutor == Shutting down ExecutorService 'applicationTaskExecutor'
2019/12/16-03:58:28 [main] INFO  priv.howard.SpringBootDemo.SpringBootDemoApplicatonTests == Starting SpringBootDemoApplicatonTests on DESKTOP-LPS0P4Q with PID 7448 (started by Howard Zhong in C:\Users\Howard Zhong\IdeaProjects\SpringBootDemo)
2019/12/16-03:58:28 [main] DEBUG priv.howard.SpringBootDemo.SpringBootDemoApplicatonTests == Running with Spring Boot v2.2.2.RELEASE, Spring v5.2.2.RELEASE
2019/12/16-03:58:28 [main] INFO  priv.howard.SpringBootDemo.SpringBootDemoApplicatonTests == No active profile set, falling back to default profiles: default
2019/12/16-03:58:29 [main] INFO  org.springframework.scheduling.concurrent.ThreadPoolTaskExecutor == Initializing ExecutorService 'applicationTaskExecutor'
2019/12/16-03:58:30 [main] INFO  priv.howard.SpringBootDemo.SpringBootDemoApplicatonTests == Started SpringBootDemoApplicatonTests in 2.36 seconds (JVM running for 3.623)
2019/12/16-03:58:30 [main] DEBUG priv.howard.SpringBootDemo.SpringBootDemoApplicatonTests == debug...
2019/12/16-03:58:30 [main] INFO  priv.howard.SpringBootDemo.SpringBootDemoApplicatonTests == info...
2019/12/16-03:58:30 [main] WARN  priv.howard.SpringBootDemo.SpringBootDemoApplicatonTests == warn...
2019/12/16-03:58:30 [main] ERROR priv.howard.SpringBootDemo.SpringBootDemoApplicatonTests == error...
2019/12/16-03:58:30 [SpringContextShutdownHook] INFO  org.springframework.scheduling.concurrent.ThreadPoolTaskExecutor == Shutting down ExecutorService 'applicationTaskExecutor'
